[0228/010935.842:INFO:CONSOLE(0)] "Error with Permissions-Policy header: Feature xr-spatial-tracking's parameters are ignored.", source:  (0)
[0228/010935.842:INFO:CONSOLE(0)] "Error with Permissions-Policy header: Unrecognized feature: 'ambient-light-sensor'.", source:  (0)
[0228/010935.842:INFO:CONSOLE(0)] "Error with Permissions-Policy header: Unrecognized feature: 'bluetooth'.", source:  (0)
[0228/010935.842:INFO:CONSOLE(0)] "Error with Permissions-Policy header: Unrecognized feature: 'gamepad'.", source:  (0)
[0228/010935.842:INFO:CONSOLE(0)] "Error with Permissions-Policy header: Unrecognized feature: 'local-fonts'.", source:  (0)
[0228/010935.843:INFO:CONSOLE(0)] "Error with Permissions-Policy header: Unrecognized feature: 'window-management'.", source:  (0)
[0228/010935.843:INFO:CONSOLE(0)] "Error with Permissions-Policy-Report-Only header: Feature picture-in-picture's parameters are ignored.", source:  (0)
[0228/010936.172:INFO:CONSOLE(215)] "Another connection wants to delete database 'wawc'. Closing db now to resume the delete request.", source: https://web.whatsapp.com/serviceworker.js (215)
[0228/010936.173:INFO:CONSOLE(215)] "Another connection wants to delete database 'wawc'. Closing db now to resume the delete request.", source: https://web.whatsapp.com/serviceworker.js (215)
[0228/010953.954:ERROR:cache_util_win.cc(20)] Unable to move the cache: Access is denied. (0x5)
[0228/010953.954:ERROR:cache_util.cc(146)] Unable to move cache folder C:\Users\Yosef\Desktop\jafar-projet-main\jafar-projet-main\yourFolderName\session\Default\GPUCache to C:\Users\Yosef\Desktop\jafar-projet-main\jafar-projet-main\yourFolderName\session\Default\old_GPUCache_000
[0228/010953.954:ERROR:disk_cache.cc(192)] Unable to create cache
[0228/010953.954:ERROR:shader_disk_cache.cc(612)] Shader Cache Creation failed: -2
[0228/010955.979:ERROR:cache_util_win.cc(20)] Unable to move the cache: Access is denied. (0x5)
[0228/010955.980:ERROR:cache_util.cc(146)] Unable to move cache folder C:\Users\Yosef\Desktop\jafar-projet-main\jafar-projet-main\yourFolderName\session\Default\Cache\Cache_Data to C:\Users\Yosef\Desktop\jafar-projet-main\jafar-projet-main\yourFolderName\session\Default\Cache\old_Cache_Data_000
[0228/010955.980:ERROR:disk_cache.cc(192)] Unable to create cache
[0228/010956.195:INFO:CONSOLE(0)] "Error with Permissions-Policy header: Feature xr-spatial-tracking's parameters are ignored.", source:  (0)
[0228/010956.195:INFO:CONSOLE(0)] "Error with Permissions-Policy header: Unrecognized feature: 'ambient-light-sensor'.", source:  (0)
[0228/010956.195:INFO:CONSOLE(0)] "Error with Permissions-Policy header: Unrecognized feature: 'bluetooth'.", source:  (0)
[0228/010956.195:INFO:CONSOLE(0)] "Error with Permissions-Policy header: Unrecognized feature: 'gamepad'.", source:  (0)
[0228/010956.196:INFO:CONSOLE(0)] "Error with Permissions-Policy header: Unrecognized feature: 'local-fonts'.", source:  (0)
[0228/010956.196:INFO:CONSOLE(0)] "Error with Permissions-Policy header: Unrecognized feature: 'window-management'.", source:  (0)
[0228/010956.196:INFO:CONSOLE(0)] "Error with Permissions-Policy-Report-Only header: Feature picture-in-picture's parameters are ignored.", source:  (0)
[0228/010956.981:ERROR:service_worker_storage.cc(1904)] Failed to delete the database: Database IO error
[0228/011004.316:ERROR:leveldb_factory.cc(88)] Failed to open LevelDB database from C:\Users\Yosef\Desktop\jafar-projet-main\jafar-projet-main\yourFolderName\session\Default\IndexedDB\https_web.whatsapp.com_0.indexeddb.leveldb,IO error: C:\Users\Yosef\Desktop\jafar-projet-main\jafar-projet-main\yourFolderName\session\Default\IndexedDB\https_web.whatsapp.com_0.indexeddb.leveldb/LOCK: File currently in use. (ChromeMethodBFE: 15::LockFile::2)
[0228/011006.347:ERROR:leveldb_factory.cc(88)] Failed to open LevelDB database from C:\Users\Yosef\Desktop\jafar-projet-main\jafar-projet-main\yourFolderName\session\Default\IndexedDB\https_web.whatsapp.com_0.indexeddb.leveldb,IO error: C:\Users\Yosef\Desktop\jafar-projet-main\jafar-projet-main\yourFolderName\session\Default\IndexedDB\https_web.whatsapp.com_0.indexeddb.leveldb/LOCK: File currently in use. (ChromeMethodBFE: 15::LockFile::2)
[0228/011008.355:ERROR:leveldb_factory.cc(88)] Failed to open LevelDB database from C:\Users\Yosef\Desktop\jafar-projet-main\jafar-projet-main\yourFolderName\session\Default\IndexedDB\https_web.whatsapp.com_0.indexeddb.leveldb,IO error: C:\Users\Yosef\Desktop\jafar-projet-main\jafar-projet-main\yourFolderName\session\Default\IndexedDB\https_web.whatsapp.com_0.indexeddb.leveldb/LOCK: File currently in use. (ChromeMethodBFE: 15::LockFile::2)
[0228/011010.365:ERROR:leveldb_factory.cc(88)] Failed to open LevelDB database from C:\Users\Yosef\Desktop\jafar-projet-main\jafar-projet-main\yourFolderName\session\Default\IndexedDB\https_web.whatsapp.com_0.indexeddb.leveldb,IO error: C:\Users\Yosef\Desktop\jafar-projet-main\jafar-projet-main\yourFolderName\session\Default\IndexedDB\https_web.whatsapp.com_0.indexeddb.leveldb/LOCK: File currently in use. (ChromeMethodBFE: 15::LockFile::2)
[0228/011012.371:ERROR:leveldb_factory.cc(88)] Failed to open LevelDB database from C:\Users\Yosef\Desktop\jafar-projet-main\jafar-projet-main\yourFolderName\session\Default\IndexedDB\https_web.whatsapp.com_0.indexeddb.leveldb,IO error: C:\Users\Yosef\Desktop\jafar-projet-main\jafar-projet-main\yourFolderName\session\Default\IndexedDB\https_web.whatsapp.com_0.indexeddb.leveldb/LOCK: File currently in use. (ChromeMethodBFE: 15::LockFile::2)
[0228/011014.381:ERROR:leveldb_factory.cc(88)] Failed to open LevelDB database from C:\Users\Yosef\Desktop\jafar-projet-main\jafar-projet-main\yourFolderName\session\Default\IndexedDB\https_web.whatsapp.com_0.indexeddb.leveldb,IO error: C:\Users\Yosef\Desktop\jafar-projet-main\jafar-projet-main\yourFolderName\session\Default\IndexedDB\https_web.whatsapp.com_0.indexeddb.leveldb/LOCK: File currently in use. (ChromeMethodBFE: 15::LockFile::2)
[0228/011016.405:ERROR:leveldb_factory.cc(88)] Failed to open LevelDB database from C:\Users\Yosef\Desktop\jafar-projet-main\jafar-projet-main\yourFolderName\session\Default\IndexedDB\https_web.whatsapp.com_0.indexeddb.leveldb,IO error: C:\Users\Yosef\Desktop\jafar-projet-main\jafar-projet-main\yourFolderName\session\Default\IndexedDB\https_web.whatsapp.com_0.indexeddb.leveldb/LOCK: File currently in use. (ChromeMethodBFE: 15::LockFile::2)
[0228/011018.421:ERROR:leveldb_factory.cc(88)] Failed to open LevelDB database from C:\Users\Yosef\Desktop\jafar-projet-main\jafar-projet-main\yourFolderName\session\Default\IndexedDB\https_web.whatsapp.com_0.indexeddb.leveldb,IO error: C:\Users\Yosef\Desktop\jafar-projet-main\jafar-projet-main\yourFolderName\session\Default\IndexedDB\https_web.whatsapp.com_0.indexeddb.leveldb/LOCK: File currently in use. (ChromeMethodBFE: 15::LockFile::2)
[0228/011019.604:ERROR:cache_util_win.cc(20)] Unable to move the cache: Access is denied. (0x5)
[0228/011019.604:ERROR:cache_util.cc(146)] Unable to move cache folder C:\Users\Yosef\Desktop\jafar-projet-main\jafar-projet-main\yourFolderName\session\Default\GPUCache to C:\Users\Yosef\Desktop\jafar-projet-main\jafar-projet-main\yourFolderName\session\Default\old_GPUCache_000
[0228/011019.604:ERROR:disk_cache.cc(192)] Unable to create cache
[0228/011019.604:ERROR:shader_disk_cache.cc(612)] Shader Cache Creation failed: -2
[0228/011020.445:ERROR:leveldb_factory.cc(88)] Failed to open LevelDB database from C:\Users\Yosef\Desktop\jafar-projet-main\jafar-projet-main\yourFolderName\session\Default\IndexedDB\https_web.whatsapp.com_0.indexeddb.leveldb,IO error: C:\Users\Yosef\Desktop\jafar-projet-main\jafar-projet-main\yourFolderName\session\Default\IndexedDB\https_web.whatsapp.com_0.indexeddb.leveldb/LOCK: File currently in use. (ChromeMethodBFE: 15::LockFile::2)
[0228/011021.652:ERROR:sandbox_origin_database.cc(190)] SandboxOriginDatabase failed at: Init@storage/browser/file_system/sandbox_origin_database.cc:94 with error: IO error: C:\Users\Yosef\Desktop\jafar-projet-main\jafar-projet-main\yourFolderName\session\Default\File System\Origins/LOCK: File currently in use. (ChromeMethodBFE: 15::LockFile::2)
[0228/011021.652:WARNING:sandbox_origin_database.cc(106)] Attempting to repair SandboxOriginDatabase.
[0228/011022.469:ERROR:leveldb_factory.cc(88)] Failed to open LevelDB database from C:\Users\Yosef\Desktop\jafar-projet-main\jafar-projet-main\yourFolderName\session\Default\IndexedDB\https_web.whatsapp.com_0.indexeddb.leveldb,IO error: C:\Users\Yosef\Desktop\jafar-projet-main\jafar-projet-main\yourFolderName\session\Default\IndexedDB\https_web.whatsapp.com_0.indexeddb.leveldb/LOCK: File currently in use. (ChromeMethodBFE: 15::LockFile::2)
[0228/011024.505:ERROR:leveldb_factory.cc(88)] Failed to open LevelDB database from C:\Users\Yosef\Desktop\jafar-projet-main\jafar-projet-main\yourFolderName\session\Default\IndexedDB\https_web.whatsapp.com_0.indexeddb.leveldb,IO error: C:\Users\Yosef\Desktop\jafar-projet-main\jafar-projet-main\yourFolderName\session\Default\IndexedDB\https_web.whatsapp.com_0.indexeddb.leveldb/LOCK: File currently in use. (ChromeMethodBFE: 15::LockFile::2)
[0228/011025.693:WARNING:sandbox_origin_database.cc(140)] Failed to repair SandboxOriginDatabase.
[0228/011026.533:ERROR:leveldb_factory.cc(88)] Failed to open LevelDB database from C:\Users\Yosef\Desktop\jafar-projet-main\jafar-projet-main\yourFolderName\session\Default\IndexedDB\https_web.whatsapp.com_0.indexeddb.leveldb,IO error: C:\Users\Yosef\Desktop\jafar-projet-main\jafar-projet-main\yourFolderName\session\Default\IndexedDB\https_web.whatsapp.com_0.indexeddb.leveldb/LOCK: File currently in use. (ChromeMethodBFE: 15::LockFile::2)
[0228/011027.722:ERROR:sandbox_origin_database.cc(190)] SandboxOriginDatabase failed at: Init@storage/browser/file_system/sandbox_origin_database.cc:94 with error: IO error: C:\Users\Yosef\Desktop\jafar-projet-main\jafar-projet-main\yourFolderName\session\Default\File System\Origins/LOCK: File currently in use. (ChromeMethodBFE: 15::LockFile::2)
[0228/011027.722:WARNING:sandbox_origin_database.cc(106)] Attempting to repair SandboxOriginDatabase.
[0228/011028.564:ERROR:leveldb_factory.cc(88)] Failed to open LevelDB database from C:\Users\Yosef\Desktop\jafar-projet-main\jafar-projet-main\yourFolderName\session\Default\IndexedDB\https_web.whatsapp.com_0.indexeddb.leveldb,IO error: C:\Users\Yosef\Desktop\jafar-projet-main\jafar-projet-main\yourFolderName\session\Default\IndexedDB\https_web.whatsapp.com_0.indexeddb.leveldb/LOCK: File currently in use. (ChromeMethodBFE: 15::LockFile::2)
[0228/011030.579:ERROR:leveldb_factory.cc(88)] Failed to open LevelDB database from C:\Users\Yosef\Desktop\jafar-projet-main\jafar-projet-main\yourFolderName\session\Default\IndexedDB\https_web.whatsapp.com_0.indexeddb.leveldb,IO error: C:\Users\Yosef\Desktop\jafar-projet-main\jafar-projet-main\yourFolderName\session\Default\IndexedDB\https_web.whatsapp.com_0.indexeddb.leveldb/LOCK: File currently in use. (ChromeMethodBFE: 15::LockFile::2)
[0228/011031.753:WARNING:sandbox_origin_database.cc(140)] Failed to repair SandboxOriginDatabase.
[0228/011032.612:ERROR:leveldb_factory.cc(88)] Failed to open LevelDB database from C:\Users\Yosef\Desktop\jafar-projet-main\jafar-projet-main\yourFolderName\session\Default\IndexedDB\https_web.whatsapp.com_0.indexeddb.leveldb,IO error: C:\Users\Yosef\Desktop\jafar-projet-main\jafar-projet-main\yourFolderName\session\Default\IndexedDB\https_web.whatsapp.com_0.indexeddb.leveldb/LOCK: File currently in use. (ChromeMethodBFE: 15::LockFile::2)
[0228/011034.643:ERROR:leveldb_factory.cc(88)] Failed to open LevelDB database from C:\Users\Yosef\Desktop\jafar-projet-main\jafar-projet-main\yourFolderName\session\Default\IndexedDB\https_web.whatsapp.com_0.indexeddb.leveldb,IO error: C:\Users\Yosef\Desktop\jafar-projet-main\jafar-projet-main\yourFolderName\session\Default\IndexedDB\https_web.whatsapp.com_0.indexeddb.leveldb/LOCK: File currently in use. (ChromeMethodBFE: 15::LockFile::2)
[0228/011036.675:ERROR:leveldb_factory.cc(88)] Failed to open LevelDB database from C:\Users\Yosef\Desktop\jafar-projet-main\jafar-projet-main\yourFolderName\session\Default\IndexedDB\https_web.whatsapp.com_0.indexeddb.leveldb,IO error: C:\Users\Yosef\Desktop\jafar-projet-main\jafar-projet-main\yourFolderName\session\Default\IndexedDB\https_web.whatsapp.com_0.indexeddb.leveldb/LOCK: File currently in use. (ChromeMethodBFE: 15::LockFile::2)
[0228/011038.707:ERROR:leveldb_factory.cc(88)] Failed to open LevelDB database from C:\Users\Yosef\Desktop\jafar-projet-main\jafar-projet-main\yourFolderName\session\Default\IndexedDB\https_web.whatsapp.com_0.indexeddb.leveldb,IO error: C:\Users\Yosef\Desktop\jafar-projet-main\jafar-projet-main\yourFolderName\session\Default\IndexedDB\https_web.whatsapp.com_0.indexeddb.leveldb/LOCK: File currently in use. (ChromeMethodBFE: 15::LockFile::2)
[0228/011040.737:ERROR:leveldb_factory.cc(88)] Failed to open LevelDB database from C:\Users\Yosef\Desktop\jafar-projet-main\jafar-projet-main\yourFolderName\session\Default\IndexedDB\https_web.whatsapp.com_0.indexeddb.leveldb,IO error: C:\Users\Yosef\Desktop\jafar-projet-main\jafar-projet-main\yourFolderName\session\Default\IndexedDB\https_web.whatsapp.com_0.indexeddb.leveldb/LOCK: File currently in use. (ChromeMethodBFE: 15::LockFile::2)
[0228/011040.856:ERROR:cache_util_win.cc(20)] Unable to move the cache: Access is denied. (0x5)
[0228/011040.856:ERROR:cache_util.cc(146)] Unable to move cache folder C:\Users\Yosef\Desktop\jafar-projet-main\jafar-projet-main\yourFolderName\session\Default\GPUCache to C:\Users\Yosef\Desktop\jafar-projet-main\jafar-projet-main\yourFolderName\session\Default\old_GPUCache_000
[0228/011040.856:ERROR:disk_cache.cc(192)] Unable to create cache
[0228/011040.856:ERROR:shader_disk_cache.cc(612)] Shader Cache Creation failed: -2
[0228/011042.763:ERROR:leveldb_factory.cc(88)] Failed to open LevelDB database from C:\Users\Yosef\Desktop\jafar-projet-main\jafar-projet-main\yourFolderName\session\Default\IndexedDB\https_web.whatsapp.com_0.indexeddb.leveldb,IO error: C:\Users\Yosef\Desktop\jafar-projet-main\jafar-projet-main\yourFolderName\session\Default\IndexedDB\https_web.whatsapp.com_0.indexeddb.leveldb/LOCK: File currently in use. (ChromeMethodBFE: 15::LockFile::2)
[0228/011042.876:ERROR:cache_util_win.cc(20)] Unable to move the cache: Access is denied. (0x5)
[0228/011042.876:ERROR:cache_util.cc(146)] Unable to move cache folder C:\Users\Yosef\Desktop\jafar-projet-main\jafar-projet-main\yourFolderName\session\Default\Cache\Cache_Data to C:\Users\Yosef\Desktop\jafar-projet-main\jafar-projet-main\yourFolderName\session\Default\Cache\old_Cache_Data_000
[0228/011042.876:ERROR:disk_cache.cc(192)] Unable to create cache
[0228/011043.133:INFO:CONSOLE(0)] "Error with Permissions-Policy header: Feature xr-spatial-tracking's parameters are ignored.", source:  (0)
[0228/011043.133:INFO:CONSOLE(0)] "Error with Permissions-Policy header: Unrecognized feature: 'ambient-light-sensor'.", source:  (0)
[0228/011043.133:INFO:CONSOLE(0)] "Error with Permissions-Policy header: Unrecognized feature: 'bluetooth'.", source:  (0)
[0228/011043.133:INFO:CONSOLE(0)] "Error with Permissions-Policy header: Unrecognized feature: 'gamepad'.", source:  (0)
[0228/011043.133:INFO:CONSOLE(0)] "Error with Permissions-Policy header: Unrecognized feature: 'local-fonts'.", source:  (0)
[0228/011043.133:INFO:CONSOLE(0)] "Error with Permissions-Policy header: Unrecognized feature: 'window-management'.", source:  (0)
[0228/011043.134:INFO:CONSOLE(0)] "Error with Permissions-Policy-Report-Only header: Feature picture-in-picture's parameters are ignored.", source:  (0)
[0228/011043.888:ERROR:service_worker_storage.cc(1904)] Failed to delete the database: Database IO error
[0228/011044.782:ERROR:leveldb_factory.cc(88)] Failed to open LevelDB database from C:\Users\Yosef\Desktop\jafar-projet-main\jafar-projet-main\yourFolderName\session\Default\IndexedDB\https_web.whatsapp.com_0.indexeddb.leveldb,IO error: C:\Users\Yosef\Desktop\jafar-projet-main\jafar-projet-main\yourFolderName\session\Default\IndexedDB\https_web.whatsapp.com_0.indexeddb.leveldb/LOCK: File currently in use. (ChromeMethodBFE: 15::LockFile::2)
[0228/011046.790:ERROR:leveldb_factory.cc(88)] Failed to open LevelDB database from C:\Users\Yosef\Desktop\jafar-projet-main\jafar-projet-main\yourFolderName\session\Default\IndexedDB\https_web.whatsapp.com_0.indexeddb.leveldb,IO error: C:\Users\Yosef\Desktop\jafar-projet-main\jafar-projet-main\yourFolderName\session\Default\IndexedDB\https_web.whatsapp.com_0.indexeddb.leveldb/LOCK: File currently in use. (ChromeMethodBFE: 15::LockFile::2)
[0228/011048.266:ERROR:cache_util_win.cc(20)] Unable to move the cache: Access is denied. (0x5)
[0228/011048.266:ERROR:cache_util.cc(146)] Unable to move cache folder C:\Users\Yosef\Desktop\jafar-projet-main\jafar-projet-main\yourFolderName\session\Default\GPUCache to C:\Users\Yosef\Desktop\jafar-projet-main\jafar-projet-main\yourFolderName\session\Default\old_GPUCache_000
[0228/011048.267:ERROR:disk_cache.cc(192)] Unable to create cache
[0228/011048.267:ERROR:shader_disk_cache.cc(612)] Shader Cache Creation failed: -2
[0228/011048.814:ERROR:leveldb_factory.cc(88)] Failed to open LevelDB database from C:\Users\Yosef\Desktop\jafar-projet-main\jafar-projet-main\yourFolderName\session\Default\IndexedDB\https_web.whatsapp.com_0.indexeddb.leveldb,IO error: C:\Users\Yosef\Desktop\jafar-projet-main\jafar-projet-main\yourFolderName\session\Default\IndexedDB\https_web.whatsapp.com_0.indexeddb.leveldb/LOCK: File currently in use. (ChromeMethodBFE: 15::LockFile::2)
[0228/011050.284:ERROR:cache_util_win.cc(20)] Unable to move the cache: Access is denied. (0x5)
[0228/011050.284:ERROR:cache_util.cc(146)] Unable to move cache folder C:\Users\Yosef\Desktop\jafar-projet-main\jafar-projet-main\yourFolderName\session\Default\Cache\Cache_Data to C:\Users\Yosef\Desktop\jafar-projet-main\jafar-projet-main\yourFolderName\session\Default\Cache\old_Cache_Data_000
[0228/011050.285:ERROR:disk_cache.cc(192)] Unable to create cache
[0228/011050.485:INFO:CONSOLE(0)] "Error with Permissions-Policy header: Feature xr-spatial-tracking's parameters are ignored.", source:  (0)
[0228/011050.485:INFO:CONSOLE(0)] "Error with Permissions-Policy header: Unrecognized feature: 'ambient-light-sensor'.", source:  (0)
[0228/011050.485:INFO:CONSOLE(0)] "Error with Permissions-Policy header: Unrecognized feature: 'bluetooth'.", source:  (0)
[0228/011050.485:INFO:CONSOLE(0)] "Error with Permissions-Policy header: Unrecognized feature: 'gamepad'.", source:  (0)
[0228/011050.485:INFO:CONSOLE(0)] "Error with Permissions-Policy header: Unrecognized feature: 'local-fonts'.", source:  (0)
[0228/011050.485:INFO:CONSOLE(0)] "Error with Permissions-Policy header: Unrecognized feature: 'window-management'.", source:  (0)
[0228/011050.485:INFO:CONSOLE(0)] "Error with Permissions-Policy-Report-Only header: Feature picture-in-picture's parameters are ignored.", source:  (0)
[0228/011050.847:ERROR:leveldb_factory.cc(88)] Failed to open LevelDB database from C:\Users\Yosef\Desktop\jafar-projet-main\jafar-projet-main\yourFolderName\session\Default\IndexedDB\https_web.whatsapp.com_0.indexeddb.leveldb,IO error: C:\Users\Yosef\Desktop\jafar-projet-main\jafar-projet-main\yourFolderName\session\Default\IndexedDB\https_web.whatsapp.com_0.indexeddb.leveldb/LOCK: File currently in use. (ChromeMethodBFE: 15::LockFile::2)
[0228/011050.985:ERROR:quota_database.cc(823)] Could not open the quota database, resetting.
[0228/011051.285:ERROR:service_worker_storage.cc(1904)] Failed to delete the database: Database IO error
[0228/011052.875:ERROR:leveldb_factory.cc(88)] Failed to open LevelDB database from C:\Users\Yosef\Desktop\jafar-projet-main\jafar-projet-main\yourFolderName\session\Default\IndexedDB\https_web.whatsapp.com_0.indexeddb.leveldb,IO error: C:\Users\Yosef\Desktop\jafar-projet-main\jafar-projet-main\yourFolderName\session\Default\IndexedDB\https_web.whatsapp.com_0.indexeddb.leveldb/LOCK: File currently in use. (ChromeMethodBFE: 15::LockFile::2)
[0228/011053.878:ERROR:quota_database.cc(825)] Failed to reset the quota database.
[0228/011054.893:ERROR:leveldb_factory.cc(88)] Failed to open LevelDB database from C:\Users\Yosef\Desktop\jafar-projet-main\jafar-projet-main\yourFolderName\session\Default\IndexedDB\https_web.whatsapp.com_0.indexeddb.leveldb,IO error: C:\Users\Yosef\Desktop\jafar-projet-main\jafar-projet-main\yourFolderName\session\Default\IndexedDB\https_web.whatsapp.com_0.indexeddb.leveldb/LOCK: File currently in use. (ChromeMethodBFE: 15::LockFile::2)
[0228/011055.908:ERROR:sandbox_origin_database.cc(190)] SandboxOriginDatabase failed at: Init@storage/browser/file_system/sandbox_origin_database.cc:94 with error: IO error: C:\Users\Yosef\Desktop\jafar-projet-main\jafar-projet-main\yourFolderName\session\Default\File System\Origins/LOCK: File currently in use. (ChromeMethodBFE: 15::LockFile::2)
[0228/011055.909:WARNING:sandbox_origin_database.cc(106)] Attempting to repair SandboxOriginDatabase.
[0228/011056.920:ERROR:leveldb_factory.cc(88)] Failed to open LevelDB database from C:\Users\Yosef\Desktop\jafar-projet-main\jafar-projet-main\yourFolderName\session\Default\IndexedDB\https_web.whatsapp.com_0.indexeddb.leveldb,IO error: C:\Users\Yosef\Desktop\jafar-projet-main\jafar-projet-main\yourFolderName\session\Default\IndexedDB\https_web.whatsapp.com_0.indexeddb.leveldb/LOCK: File currently in use. (ChromeMethodBFE: 15::LockFile::2)
[0228/011058.317:ERROR:quota_database.cc(823)] Could not open the quota database, resetting.
[0228/011058.955:ERROR:leveldb_factory.cc(88)] Failed to open LevelDB database from C:\Users\Yosef\Desktop\jafar-projet-main\jafar-projet-main\yourFolderName\session\Default\IndexedDB\https_web.whatsapp.com_0.indexeddb.leveldb,IO error: C:\Users\Yosef\Desktop\jafar-projet-main\jafar-projet-main\yourFolderName\session\Default\IndexedDB\https_web.whatsapp.com_0.indexeddb.leveldb/LOCK: File currently in use. (ChromeMethodBFE: 15::LockFile::2)
[0228/011059.957:WARNING:sandbox_origin_database.cc(140)] Failed to repair SandboxOriginDatabase.
[0228/011100.983:ERROR:leveldb_factory.cc(88)] Failed to open LevelDB database from C:\Users\Yosef\Desktop\jafar-projet-main\jafar-projet-main\yourFolderName\session\Default\IndexedDB\https_web.whatsapp.com_0.indexeddb.leveldb,IO error: C:\Users\Yosef\Desktop\jafar-projet-main\jafar-projet-main\yourFolderName\session\Default\IndexedDB\https_web.whatsapp.com_0.indexeddb.leveldb/LOCK: File currently in use. (ChromeMethodBFE: 15::LockFile::2)
[0228/011101.203:ERROR:quota_database.cc(825)] Failed to reset the quota database.
[0228/011101.970:ERROR:sandbox_origin_database.cc(190)] SandboxOriginDatabase failed at: Init@storage/browser/file_system/sandbox_origin_database.cc:94 with error: IO error: C:\Users\Yosef\Desktop\jafar-projet-main\jafar-projet-main\yourFolderName\session\Default\File System\Origins/LOCK: File currently in use. (ChromeMethodBFE: 15::LockFile::2)
[0228/011101.970:WARNING:sandbox_origin_database.cc(106)] Attempting to repair SandboxOriginDatabase.
[0228/011103.017:ERROR:leveldb_factory.cc(88)] Failed to open LevelDB database from C:\Users\Yosef\Desktop\jafar-projet-main\jafar-projet-main\yourFolderName\session\Default\IndexedDB\https_web.whatsapp.com_0.indexeddb.leveldb,IO error: C:\Users\Yosef\Desktop\jafar-projet-main\jafar-projet-main\yourFolderName\session\Default\IndexedDB\https_web.whatsapp.com_0.indexeddb.leveldb/LOCK: File currently in use. (ChromeMethodBFE: 15::LockFile::2)
[0228/011103.231:ERROR:sandbox_origin_database.cc(190)] SandboxOriginDatabase failed at: Init@storage/browser/file_system/sandbox_origin_database.cc:94 with error: IO error: C:\Users\Yosef\Desktop\jafar-projet-main\jafar-projet-main\yourFolderName\session\Default\File System\Origins/LOCK: File currently in use. (ChromeMethodBFE: 15::LockFile::2)
[0228/011103.231:WARNING:sandbox_origin_database.cc(106)] Attempting to repair SandboxOriginDatabase.
[0228/011105.036:ERROR:leveldb_factory.cc(88)] Failed to open LevelDB database from C:\Users\Yosef\Desktop\jafar-projet-main\jafar-projet-main\yourFolderName\session\Default\IndexedDB\https_web.whatsapp.com_0.indexeddb.leveldb,IO error: C:\Users\Yosef\Desktop\jafar-projet-main\jafar-projet-main\yourFolderName\session\Default\IndexedDB\https_web.whatsapp.com_0.indexeddb.leveldb/LOCK: File currently in use. (ChromeMethodBFE: 15::LockFile::2)
[0228/011106.019:WARNING:sandbox_origin_database.cc(140)] Failed to repair SandboxOriginDatabase.
[0228/011106.589:ERROR:cache_util_win.cc(20)] Unable to move the cache: Access is denied. (0x5)
[0228/011106.589:ERROR:cache_util.cc(146)] Unable to move cache folder C:\Users\Yosef\Desktop\jafar-projet-main\jafar-projet-main\yourFolderName\session\Default\GPUCache to C:\Users\Yosef\Desktop\jafar-projet-main\jafar-projet-main\yourFolderName\session\Default\old_GPUCache_000
[0228/011106.589:ERROR:disk_cache.cc(192)] Unable to create cache
[0228/011106.589:ERROR:shader_disk_cache.cc(612)] Shader Cache Creation failed: -2
[0228/011107.064:ERROR:leveldb_factory.cc(88)] Failed to open LevelDB database from C:\Users\Yosef\Desktop\jafar-projet-main\jafar-projet-main\yourFolderName\session\Default\IndexedDB\https_web.whatsapp.com_0.indexeddb.leveldb,IO error: C:\Users\Yosef\Desktop\jafar-projet-main\jafar-projet-main\yourFolderName\session\Default\IndexedDB\https_web.whatsapp.com_0.indexeddb.leveldb/LOCK: File currently in use. (ChromeMethodBFE: 15::LockFile::2)
[0228/011108.300:ERROR:sandbox_origin_database.cc(190)] SandboxOriginDatabase failed at: Init@storage/browser/file_system/sandbox_origin_database.cc:94 with error: IO error: C:\Users\Yosef\Desktop\jafar-projet-main\jafar-projet-main\yourFolderName\session\Default\File System\Origins/LOCK: File currently in use. (ChromeMethodBFE: 15::LockFile::2)
[0228/011108.300:WARNING:sandbox_origin_database.cc(140)] Failed to repair SandboxOriginDatabase.
[0228/011109.096:ERROR:leveldb_factory.cc(88)] Failed to open LevelDB database from C:\Users\Yosef\Desktop\jafar-projet-main\jafar-projet-main\yourFolderName\session\Default\IndexedDB\https_web.whatsapp.com_0.indexeddb.leveldb,IO error: C:\Users\Yosef\Desktop\jafar-projet-main\jafar-projet-main\yourFolderName\session\Default\IndexedDB\https_web.whatsapp.com_0.indexeddb.leveldb/LOCK: File currently in use. (ChromeMethodBFE: 15::LockFile::2)
[0228/011110.313:ERROR:sandbox_origin_database.cc(190)] SandboxOriginDatabase failed at: Init@storage/browser/file_system/sandbox_origin_database.cc:94 with error: IO error: C:\Users\Yosef\Desktop\jafar-projet-main\jafar-projet-main\yourFolderName\session\Default\File System\Origins/LOCK: File currently in use. (ChromeMethodBFE: 15::LockFile::2)
[0228/011110.313:WARNING:sandbox_origin_database.cc(106)] Attempting to repair SandboxOriginDatabase.
[0228/011111.125:ERROR:leveldb_factory.cc(88)] Failed to open LevelDB database from C:\Users\Yosef\Desktop\jafar-projet-main\jafar-projet-main\yourFolderName\session\Default\IndexedDB\https_web.whatsapp.com_0.indexeddb.leveldb,IO error: C:\Users\Yosef\Desktop\jafar-projet-main\jafar-projet-main\yourFolderName\session\Default\IndexedDB\https_web.whatsapp.com_0.indexeddb.leveldb/LOCK: File currently in use. (ChromeMethodBFE: 15::LockFile::2)
[0228/011113.145:ERROR:leveldb_factory.cc(88)] Failed to open LevelDB database from C:\Users\Yosef\Desktop\jafar-projet-main\jafar-projet-main\yourFolderName\session\Default\IndexedDB\https_web.whatsapp.com_0.indexeddb.leveldb,IO error: C:\Users\Yosef\Desktop\jafar-projet-main\jafar-projet-main\yourFolderName\session\Default\IndexedDB\https_web.whatsapp.com_0.indexeddb.leveldb/LOCK: File currently in use. (ChromeMethodBFE: 15::LockFile::2)
[0228/011113.962:ERROR:cache_util_win.cc(20)] Unable to move the cache: Access is denied. (0x5)
[0228/011113.962:ERROR:cache_util.cc(146)] Unable to move cache folder C:\Users\Yosef\Desktop\jafar-projet-main\jafar-projet-main\yourFolderName\session\Default\GPUCache to C:\Users\Yosef\Desktop\jafar-projet-main\jafar-projet-main\yourFolderName\session\Default\old_GPUCache_000
[0228/011113.962:ERROR:disk_cache.cc(192)] Unable to create cache
[0228/011113.962:ERROR:shader_disk_cache.cc(612)] Shader Cache Creation failed: -2
[0228/011114.357:WARNING:sandbox_origin_database.cc(140)] Failed to repair SandboxOriginDatabase.
[0228/011115.155:ERROR:leveldb_factory.cc(88)] Failed to open LevelDB database from C:\Users\Yosef\Desktop\jafar-projet-main\jafar-projet-main\yourFolderName\session\Default\IndexedDB\https_web.whatsapp.com_0.indexeddb.leveldb,IO error: C:\Users\Yosef\Desktop\jafar-projet-main\jafar-projet-main\yourFolderName\session\Default\IndexedDB\https_web.whatsapp.com_0.indexeddb.leveldb/LOCK: File currently in use. (ChromeMethodBFE: 15::LockFile::2)
[0228/011117.175:ERROR:leveldb_factory.cc(88)] Failed to open LevelDB database from C:\Users\Yosef\Desktop\jafar-projet-main\jafar-projet-main\yourFolderName\session\Default\IndexedDB\https_web.whatsapp.com_0.indexeddb.leveldb,IO error: C:\Users\Yosef\Desktop\jafar-projet-main\jafar-projet-main\yourFolderName\session\Default\IndexedDB\https_web.whatsapp.com_0.indexeddb.leveldb/LOCK: File currently in use. (ChromeMethodBFE: 15::LockFile::2)
[0228/011119.203:ERROR:leveldb_factory.cc(88)] Failed to open LevelDB database from C:\Users\Yosef\Desktop\jafar-projet-main\jafar-projet-main\yourFolderName\session\Default\IndexedDB\https_web.whatsapp.com_0.indexeddb.leveldb,IO error: C:\Users\Yosef\Desktop\jafar-projet-main\jafar-projet-main\yourFolderName\session\Default\IndexedDB\https_web.whatsapp.com_0.indexeddb.leveldb/LOCK: File currently in use. (ChromeMethodBFE: 15::LockFile::2)
[0228/011121.222:ERROR:leveldb_factory.cc(88)] Failed to open LevelDB database from C:\Users\Yosef\Desktop\jafar-projet-main\jafar-projet-main\yourFolderName\session\Default\IndexedDB\https_web.whatsapp.com_0.indexeddb.leveldb,IO error: C:\Users\Yosef\Desktop\jafar-projet-main\jafar-projet-main\yourFolderName\session\Default\IndexedDB\https_web.whatsapp.com_0.indexeddb.leveldb/LOCK: File currently in use. (ChromeMethodBFE: 15::LockFile::2)
[0228/011123.250:ERROR:leveldb_factory.cc(88)] Failed to open LevelDB database from C:\Users\Yosef\Desktop\jafar-projet-main\jafar-projet-main\yourFolderName\session\Default\IndexedDB\https_web.whatsapp.com_0.indexeddb.leveldb,IO error: C:\Users\Yosef\Desktop\jafar-projet-main\jafar-projet-main\yourFolderName\session\Default\IndexedDB\https_web.whatsapp.com_0.indexeddb.leveldb/LOCK: File currently in use. (ChromeMethodBFE: 15::LockFile::2)
[0228/011125.278:ERROR:leveldb_factory.cc(88)] Failed to open LevelDB database from C:\Users\Yosef\Desktop\jafar-projet-main\jafar-projet-main\yourFolderName\session\Default\IndexedDB\https_web.whatsapp.com_0.indexeddb.leveldb,IO error: C:\Users\Yosef\Desktop\jafar-projet-main\jafar-projet-main\yourFolderName\session\Default\IndexedDB\https_web.whatsapp.com_0.indexeddb.leveldb/LOCK: File currently in use. (ChromeMethodBFE: 15::LockFile::2)
[0228/011127.295:ERROR:leveldb_factory.cc(88)] Failed to open LevelDB database from C:\Users\Yosef\Desktop\jafar-projet-main\jafar-projet-main\yourFolderName\session\Default\IndexedDB\https_web.whatsapp.com_0.indexeddb.leveldb,IO error: C:\Users\Yosef\Desktop\jafar-projet-main\jafar-projet-main\yourFolderName\session\Default\IndexedDB\https_web.whatsapp.com_0.indexeddb.leveldb/LOCK: File currently in use. (ChromeMethodBFE: 15::LockFile::2)
[0228/011129.314:ERROR:leveldb_factory.cc(88)] Failed to open LevelDB database from C:\Users\Yosef\Desktop\jafar-projet-main\jafar-projet-main\yourFolderName\session\Default\IndexedDB\https_web.whatsapp.com_0.indexeddb.leveldb,IO error: C:\Users\Yosef\Desktop\jafar-projet-main\jafar-projet-main\yourFolderName\session\Default\IndexedDB\https_web.whatsapp.com_0.indexeddb.leveldb/LOCK: File currently in use. (ChromeMethodBFE: 15::LockFile::2)
[0228/011131.347:ERROR:leveldb_factory.cc(88)] Failed to open LevelDB database from C:\Users\Yosef\Desktop\jafar-projet-main\jafar-projet-main\yourFolderName\session\Default\IndexedDB\https_web.whatsapp.com_0.indexeddb.leveldb,IO error: C:\Users\Yosef\Desktop\jafar-projet-main\jafar-projet-main\yourFolderName\session\Default\IndexedDB\https_web.whatsapp.com_0.indexeddb.leveldb/LOCK: File currently in use. (ChromeMethodBFE: 15::LockFile::2)
[0228/011133.362:ERROR:leveldb_factory.cc(88)] Failed to open LevelDB database from C:\Users\Yosef\Desktop\jafar-projet-main\jafar-projet-main\yourFolderName\session\Default\IndexedDB\https_web.whatsapp.com_0.indexeddb.leveldb,IO error: C:\Users\Yosef\Desktop\jafar-projet-main\jafar-projet-main\yourFolderName\session\Default\IndexedDB\https_web.whatsapp.com_0.indexeddb.leveldb/LOCK: File currently in use. (ChromeMethodBFE: 15::LockFile::2)
[0228/011135.389:ERROR:leveldb_factory.cc(88)] Failed to open LevelDB database from C:\Users\Yosef\Desktop\jafar-projet-main\jafar-projet-main\yourFolderName\session\Default\IndexedDB\https_web.whatsapp.com_0.indexeddb.leveldb,IO error: C:\Users\Yosef\Desktop\jafar-projet-main\jafar-projet-main\yourFolderName\session\Default\IndexedDB\https_web.whatsapp.com_0.indexeddb.leveldb/LOCK: File currently in use. (ChromeMethodBFE: 15::LockFile::2)
[0228/011137.409:ERROR:leveldb_factory.cc(88)] Failed to open LevelDB database from C:\Users\Yosef\Desktop\jafar-projet-main\jafar-projet-main\yourFolderName\session\Default\IndexedDB\https_web.whatsapp.com_0.indexeddb.leveldb,IO error: C:\Users\Yosef\Desktop\jafar-projet-main\jafar-projet-main\yourFolderName\session\Default\IndexedDB\https_web.whatsapp.com_0.indexeddb.leveldb/LOCK: File currently in use. (ChromeMethodBFE: 15::LockFile::2)
[0228/011139.427:ERROR:leveldb_factory.cc(88)] Failed to open LevelDB database from C:\Users\Yosef\Desktop\jafar-projet-main\jafar-projet-main\yourFolderName\session\Default\IndexedDB\https_web.whatsapp.com_0.indexeddb.leveldb,IO error: C:\Users\Yosef\Desktop\jafar-projet-main\jafar-projet-main\yourFolderName\session\Default\IndexedDB\https_web.whatsapp.com_0.indexeddb.leveldb/LOCK: File currently in use. (ChromeMethodBFE: 15::LockFile::2)
[0228/011141.450:ERROR:sandbox_origin_database.cc(190)] SandboxOriginDatabase failed at: Init@storage/browser/file_system/sandbox_origin_database.cc:94 with error: IO error: C:\Users\Yosef\Desktop\jafar-projet-main\jafar-projet-main\yourFolderName\session\Default\File System\Origins/LOCK: File currently in use. (ChromeMethodBFE: 15::LockFile::2)
[0228/011141.450:WARNING:sandbox_origin_database.cc(106)] Attempting to repair SandboxOriginDatabase.
[0228/011141.714:ERROR:leveldb_factory.cc(88)] Failed to open LevelDB database from C:\Users\Yosef\Desktop\jafar-projet-main\jafar-projet-main\yourFolderName\session\Default\IndexedDB\https_web.whatsapp.com_0.indexeddb.leveldb,IO error: C:\Users\Yosef\Desktop\jafar-projet-main\jafar-projet-main\yourFolderName\session\Default\IndexedDB\https_web.whatsapp.com_0.indexeddb.leveldb/LOCK: File currently in use. (ChromeMethodBFE: 15::LockFile::2)
[0228/011143.728:ERROR:leveldb_factory.cc(88)] Failed to open LevelDB database from C:\Users\Yosef\Desktop\jafar-projet-main\jafar-projet-main\yourFolderName\session\Default\IndexedDB\https_web.whatsapp.com_0.indexeddb.leveldb,IO error: C:\Users\Yosef\Desktop\jafar-projet-main\jafar-projet-main\yourFolderName\session\Default\IndexedDB\https_web.whatsapp.com_0.indexeddb.leveldb/LOCK: File currently in use. (ChromeMethodBFE: 15::LockFile::2)
[0228/011145.499:WARNING:sandbox_origin_database.cc(140)] Failed to repair SandboxOriginDatabase.
